<?xml version="1.0" encoding="UTF-8"?>
<!-- Generated by org.testng.reporters.JUnitReportReporter -->
<testsuite hostname="rtuss" failures="0" tests="2" name="com.example.baitap2.LoginTest" time="15.102" errors="0" timestamp="2026-03-14T14:43:33 GMT+07:00" skipped="0">
  <testcase classname="com.example.baitap2.LoginTest" name="testLoginSuccess" time="6.757"/>
  <testcase classname="com.example.baitap2.LoginTest" name="testLoginFail" time="8.345"/>
</testsuite> <!-- com.example.baitap2.LoginTest -->
